<?xml version="1.0" encoding="UTF-8"?>
<!-- Generated by org.testng.reporters.JUnitXMLReporter -->
<testsuite hostname="DESKTOP-HAQKA9K" name="Unit Tests" tests="2" failures="0" timestamp="26 Sep 2018 05:15:47 GMT" time="9.505" errors="0">
  <testcase name="testGetPropertyFileInstance" time="0.028" classname="com.autoqa.framework.uitest.utils.PropertyLoaderTest"/>
  <testcase name="testGetSnapshot" time="9.446" classname="com.autoqa.framework.uitest.utils.CaptureScreenshotTest"/>
</testsuite> <!-- Unit Tests -->
